-------------------------------------------------------------------------------
Test set: ru.yandex.practickum.LoginCourierErrorsTest
-------------------------------------------------------------------------------
Tests run: 4, Failures: 1, Errors: 0, Skipped: 0, Time elapsed: 63.558 s <<< FAILURE! - in ru.yandex.practickum.LoginCourierErrorsTest
loginCourierStatusCodeAndErrorMessage[Авторизация пользователя. Тестовые данные: model.Courier@6a25c9ad 400](ru.yandex.practickum.LoginCourierErrorsTest)  Time elapsed: 61.574 s  <<< FAILURE!
java.lang.AssertionError: 
Status code error
Expected: <400>
     but: was <504>
	at ru.yandex.practickum.LoginCourierErrorsTest.loginCourierStatusCodeAndErrorMessage(LoginCourierErrorsTest.java:53)

