<?xml version="1.0" encoding="UTF-8"?>
<testsuite xmlns:xsi="http://www.w3.org/2001/XMLSchema-instance" xsi:noNamespaceSchemaLocation="https://maven.apache.org/surefire/maven-surefire-plugin/xsd/surefire-test-report.xsd" name="ru.yandex.practickum.CreateOrderTest" time="1.327" tests="4" errors="0" skipped="0" failures="0">
  <properties>
[...]
</properties>
  <testcase name="createOrderDifferentColorAndReturnTrack[Создание заказа. Тестовые данные: [Lmodel.Color;@2d6e09f0]" classname="ru.yandex.practickum.CreateOrderTest" time="0.348"/>
  <testcase name="createOrderDifferentColorAndReturnTrack[Создание заказа. Тестовые данные: [Lmodel.Color;@257da215]" classname="ru.yandex.practickum.CreateOrderTest" time="0.36"/>
  <testcase name="createOrderDifferentColorAndReturnTrack[Создание заказа. Тестовые данные: [Lmodel.Color;@5aa461]" classname="ru.yandex.practickum.CreateOrderTest" time="0.314"/>
  <testcase name="createOrderDifferentColorAndReturnTrack[Создание заказа. Тестовые данные: [Lmodel.Color;@f3e6876]" classname="ru.yandex.practickum.CreateOrderTest" time="0.298"/>
</testsuite>